2025-12-11 09:36:51 +0000  Initial pipeline context: <IDEDistributionProcessingPipelineContext: 0x7f797b3aff40; archive(resolved)="<IDEArchive: 0x600015214d90>", distributionTask(resolved)="2", distributionDestination(resolved)="1", distributionMethod(resolved)="<IDEDistributionMethodDevelopmentSigned: 0x60000381a7d0>", team(resolved)="<IDEProvisioningDisambiguatableBasicTeam: 0x60001a4ad380; teamID='KAN3S4GU5U', teamName='Zixian DU', teamType='Individual', username='max.du0927@gmail.com', isFreeProvisioningTeam='0'>">
	Chain (15, self inclusive):
	<IDEDistributionProcessingPipelineContext: 0x7f797b3aff40; archive = "<IDEArchive: 0x600015214d90>", distributionMethod="<IDEDistributionMethodDevelopmentSigned: 0x60000381a7d0>", team="<IDEProvisioningDisambiguatableBasicTeam: 0x60001a4ad380; teamID='KAN3S4GU5U', teamName='Zixian DU', teamType='Individual', username='max.du0927@gmail.com', isFreeProvisioningTeam='0'>">
	<IDEDistributionProcessingPipelineContext: 0x7f79514439d0; archive = "<IDEArchive: 0x600015214d90>", distributionMethod="<IDEDistributionMethodDevelopmentSigned: 0x60000381a7d0>", team="<IDEProvisioningDisambiguatableBasicTeam: 0x60001a4ad380; teamID='KAN3S4GU5U', teamName='Zixian DU', teamType='Individual', username='max.du0927@gmail.com', isFreeProvisioningTeam='0'>">
	<IDEDistributionContext: 0x7f797b779cf0; archive = "<IDEArchive: 0x600015214d90>", distributionMethod="<IDEDistributionMethodDevelopmentSigned: 0x60000381a7d0>", team="<IDEProvisioningDisambiguatableBasicTeam: 0x60001a4ad380; teamID='KAN3S4GU5U', teamName='Zixian DU', teamType='Individual', username='max.du0927@gmail.com', isFreeProvisioningTeam='0'>">
	<IDEDistributionContext: 0x7f794e87a3e0; archive = "<IDEArchive: 0x600015214d90>", distributionMethod="<IDEDistributionMethodDevelopmentSigned: 0x60000381a7d0>", team="<IDEProvisioningDisambiguatableBasicTeam: 0x60001a4ad380; teamID='KAN3S4GU5U', teamName='Zixian DU', teamType='Individual', username='max.du0927@gmail.com', isFreeProvisioningTeam='0'>">
	<IDEDistributionContext: 0x7f79695e4b10; archive = "<IDEArchive: 0x600015214d90>", distributionMethod="<IDEDistributionMethodDevelopmentSigned: 0x60000381a7d0>", team="<IDEProvisioningDisambiguatableBasicTeam: 0x60001a4ad380; teamID='KAN3S4GU5U', teamName='Zixian DU', teamType='Individual', username='max.du0927@gmail.com', isFreeProvisioningTeam='0'>">
	<IDEDistributionContext: 0x7f794eb78930; archive = "<IDEArchive: 0x600015214d90>", distributionMethod="<IDEDistributionMethodDevelopmentSigned: 0x60000381a7d0>", team="<IDEProvisioningDisambiguatableBasicTeam: 0x60001a4ad380; teamID='KAN3S4GU5U', teamName='Zixian DU', teamType='Individual', username='max.du0927@gmail.com', isFreeProvisioningTeam='0'>">
	<IDEDistributionContext: 0x7f797aca0220; archive = "<IDEArchive: 0x600015214d90>", distributionMethod="<IDEDistributionMethodDevelopmentSigned: 0x60000381a7d0>", team="<IDEProvisioningDisambiguatableBasicTeam: 0x60001a4ad380; teamID='KAN3S4GU5U', teamName='Zixian DU', teamType='Individual', username='max.du0927@gmail.com', isFreeProvisioningTeam='0'>">
	<IDEDistributionContext: 0x7f797ed15f60; archive = "<IDEArchive: 0x600015214d90>", distributionMethod="<IDEDistributionMethodDevelopmentSigned: 0x60000381a7d0>", team="<IDEProvisioningDisambiguatableBasicTeam: 0x60001a4ad380; teamID='KAN3S4GU5U', teamName='Zixian DU', teamType='Individual', username='max.du0927@gmail.com', isFreeProvisioningTeam='0'>">
	<IDEDistributionContext: 0x7f7963f37020; archive = "<IDEArchive: 0x600015214d90>", distributionMethod="<IDEDistributionMethodDevelopmentSigned: 0x60000381a7d0>", team="<IDEProvisioningDisambiguatableBasicTeam: 0x60001a4ad380; teamID='KAN3S4GU5U', teamName='Zixian DU', teamType='Individual', username='max.du0927@gmail.com', isFreeProvisioningTeam='0'>">
	<IDEDistributionContext: 0x7f795e035a90; archive = "<IDEArchive: 0x600015214d90>", distributionMethod="<IDEDistributionMethodDevelopmentSigned: 0x60000381a7d0>", team="(null)">
	<IDEDistributionContext: 0x7f79606d5580; archive = "<IDEArchive: 0x600015214d90>", distributionMethod="<IDEDistributionMethodDevelopmentSigned: 0x60000381a7d0>", team="(null)">
	<IDEDistributionContext: 0x7f7965ad8840; archive = "<IDEArchive: 0x600015214d90>", distributionMethod="<IDEDistributionMethodDevelopmentSigned: 0x60000381a7d0>", team="(null)">
	<IDEDistributionContext: 0x7f7980fe8fd0; archive = "<IDEArchive: 0x600015214d90>", distributionMethod="<IDEDistributionMethodDevelopmentSigned: 0x60000381a7d0>", team="(null)">
	<IDEDistributionContext: 0x7f7963893ad0; archive = "<IDEArchive: 0x600015214d90>", distributionMethod="(null)", team="(null)">
	<IDEDistributionContext: 0x7f7978fe99e0; archive = "<IDEArchive: 0x600015214d90>", distributionMethod="(null)", team="(null)">
</IDEDistributionProcessingPipelineContext: 0x7f797b3aff40>
2025-12-11 09:36:51 +0000  Processing step: IDEDistributionCreateDestRootStep
2025-12-11 09:36:51 +0000  Processing step: IDEDistributionCopyItemStep
2025-12-11 09:36:51 +0000  Running /usr/bin/ditto '-V' '/Users/wnpd_ma004/Library/Developer/Xcode/Archives/2025-12-11/CodeTestIOS 11-12-2025, 17.35.xcarchive/Products/Applications/CodeTestIOS.app' '/var/folders/yn/s24n_y5n0491hk96n2sjbkph0000gn/T/XcodeDistPipeline.~~~aX07ty/Root/Payload/CodeTestIOS.app'
2025-12-11 09:36:51 +0000  >>> Copying /Users/wnpd_ma004/Library/Developer/Xcode/Archives/2025-12-11/CodeTestIOS 11-12-2025, 17.35.xcarchive/Products/Applications/CodeTestIOS.app 
2025-12-11 09:36:51 +0000  copying file ./_CodeSignature/CodeResources ... 
2025-12-11 09:36:51 +0000  4133 bytes for ./_CodeSignature/CodeResources
2025-12-11 09:36:51 +0000  copying file ./CustomHeaderView.nib ... 
2025-12-11 09:36:51 +0000  3797 bytes for ./CustomHeaderView.nib
2025-12-11 09:36:51 +0000  copying file ./Base.lproj/Main.storyboardc/UINavigationController-8dJ-dS-i2b.nib ... 
2025-12-11 09:36:51 +0000  1892 bytes for ./Base.lproj/Main.storyboardc/UINavigationController-8dJ-dS-i2b.nib
2025-12-11 09:36:51 +0000  copying file ./Base.lproj/Main.storyboardc/BYZ-38-t0r-view-8bC-Xf-vdC.nib ... 
2025-12-11 09:36:51 +0000  9178 bytes for ./Base.lproj/Main.storyboardc/BYZ-38-t0r-view-8bC-Xf-vdC.nib
2025-12-11 09:36:51 +0000  copying file ./Base.lproj/Main.storyboardc/Info.plist ... 
2025-12-11 09:36:51 +0000  276 bytes for ./Base.lproj/Main.storyboardc/Info.plist
2025-12-11 09:36:51 +0000  copying file ./Base.lproj/LaunchScreen.storyboardc/01J-lp-oVM-view-Ze5-6b-2t3.nib ... 
2025-12-11 09:36:51 +0000  1225 bytes for ./Base.lproj/LaunchScreen.storyboardc/01J-lp-oVM-view-Ze5-6b-2t3.nib
2025-12-11 09:36:51 +0000  copying file ./Base.lproj/LaunchScreen.storyboardc/UIViewController-01J-lp-oVM.nib ... 
2025-12-11 09:36:51 +0000  924 bytes for ./Base.lproj/LaunchScreen.storyboardc/UIViewController-01J-lp-oVM.nib
copying file ./Base.lproj/LaunchScreen.storyboardc/Info.plist ... 
2025-12-11 09:36:51 +0000  258 bytes for ./Base.lproj/LaunchScreen.storyboardc/Info.plist
2025-12-11 09:36:51 +0000  copying file ./embedded.mobileprovision ... 
2025-12-11 09:36:51 +0000  16511 bytes for ./embedded.mobileprovision
2025-12-11 09:36:51 +0000  copying file ./CodeTestIOS ... 
2025-12-11 09:36:51 +0000  155328 bytes for ./CodeTestIOS
2025-12-11 09:36:51 +0000  copying file ./Info.plist ... 
2025-12-11 09:36:51 +0000  1486 bytes for ./Info.plist
2025-12-11 09:36:51 +0000  copying file ./PkgInfo ... 
2025-12-11 09:36:51 +0000  8 bytes for ./PkgInfo
2025-12-11 09:36:51 +0000  /usr/bin/ditto exited with 0
2025-12-11 09:36:51 +0000  Processing step: IDEDistributionEmbedProfileStep
2025-12-11 09:36:51 +0000  Processing step: IDEDistributionInfoPlistStep
2025-12-11 09:36:51 +0000  Skipping step: IDEDistributionInfoPlistStep because it said so
2025-12-11 09:36:51 +0000  Processing step: IDEDistributionAppThinningPlistStep
2025-12-11 09:36:51 +0000  Skipping step: IDEDistributionAppThinningPlistStep because it said so
2025-12-11 09:36:51 +0000  Processing step: IDEDistributionSymbolsStep
2025-12-11 09:36:51 +0000  Skipping step: IDEDistributionSymbolsStep because it said so
2025-12-11 09:36:51 +0000  Processing step: IDEDistributionAppThinningStep
2025-12-11 09:36:51 +0000  Skipping step: IDEDistributionAppThinningStep because it said so
2025-12-11 09:36:51 +0000  Processing step: IDEDistributionArchThinningStep
2025-12-11 09:36:52 +0000  Item /Users/wnpd_ma004/Library/Developer/Xcode/Archives/2025-12-11/CodeTestIOS 11-12-2025, 17.35.xcarchive/Products/Applications/CodeTestIOS.app doesn't have the entitlement com.apple.developer.web-browser-engine.host enabled, returning ["arm64e"]
2025-12-11 09:36:52 +0000  Archs to thin for item /Users/wnpd_ma004/Library/Developer/Xcode/Archives/2025-12-11/CodeTestIOS 11-12-2025, 17.35.xcarchive/Products/Applications/CodeTestIOS.app are ["arm64e"]
2025-12-11 09:36:52 +0000  Running /Applications/Xcode.app/Contents/Developer/Toolchains/XcodeDefault.xctoolchain/usr/bin/lipo '/var/folders/yn/s24n_y5n0491hk96n2sjbkph0000gn/T/XcodeDistPipeline.~~~aX07ty/Root/Payload/CodeTestIOS.app/CodeTestIOS' '-verify_arch' 'arm64e'
2025-12-11 09:36:52 +0000  /Applications/Xcode.app/Contents/Developer/Toolchains/XcodeDefault.xctoolchain/usr/bin/lipo exited with 1
2025-12-11 09:36:52 +0000  Skipping architecture thinning for item "CodeTestIOS" because arch "arm64e" wasn't found
2025-12-11 09:36:52 +0000  Processing step: IDEDistributionODRStep
2025-12-11 09:36:52 +0000  Processing step: IDEDistributionStripXattrsStep
2025-12-11 09:36:52 +0000  Skipping stripping extended attributes because the codesign step will strip them.
2025-12-11 09:36:52 +0000  Processing step: IDEDistributionCodesignStep
2025-12-11 09:36:52 +0000  Entitlements for <IDEDistributionItem: 0x600025ea0f60; bundleID='com.maxdu.CodeTestIOS', path='<DVTFilePath:0x600025eeae20:'/Users/wnpd_ma004/Library/Developer/Xcode/Archives/2025-12-11/CodeTestIOS 11-12-2025, 17.35.xcarchive/Products/Applications/CodeTestIOS.app'>', codeSigningInfo='<_DVTCodeSigningInformation_Path: 0x600025d95270; isSigned='1', isAdHocSigned='0', signingCertificate='<DVTSigningCertificate: 0x600018e2cd80; name='Apple Development: Zixian DU (D97A8PDRPC)', hash='9B4E1FAF7446020C14FF6EA1C0323A6B82E66E39', serialNumber='3AEE2C00D2CDA5C2D68C28BE67F4A66B', certificateKinds='(
    "1.2.840.113635.100.6.1.12",
    "1.2.840.113635.100.6.1.2"
), issueDate='2025-01-07 06:37:53 +0000''>', entitlements='{
    "application-identifier" = "KAN3S4GU5U.com.maxdu.CodeTestIOS";
    "com.apple.developer.team-identifier" = KAN3S4GU5U;
    "get-task-allow" = 1;
}', teamID='KAN3S4GU5U', identifier='com.maxdu.CodeTestIOS', executablePath='<DVTFilePath:0x600025eeb660:'/Users/wnpd_ma004/Library/Developer/Xcode/Archives/2025-12-11/CodeTestIOS 11-12-2025, 17.35.xcarchive/Products/Applications/CodeTestIOS.app/CodeTestIOS'>', hardenedRuntime='0'>'>: {
    "application-identifier" = "KAN3S4GU5U.com.maxdu.CodeTestIOS";
    "com.apple.developer.team-identifier" = KAN3S4GU5U;
    "get-task-allow" = 1;
}
2025-12-11 09:36:52 +0000  Associated App Clip Identifiers Filter: Skipping because "com.apple.developer.associated-appclip-app-identifiers" is not present
2025-12-11 09:36:52 +0000  Entitlements for <IDEDistributionItem: 0x600025ea0f60; bundleID='com.maxdu.CodeTestIOS', path='<DVTFilePath:0x600025eeae20:'/Users/wnpd_ma004/Library/Developer/Xcode/Archives/2025-12-11/CodeTestIOS 11-12-2025, 17.35.xcarchive/Products/Applications/CodeTestIOS.app'>', codeSigningInfo='<_DVTCodeSigningInformation_Path: 0x600025d95270; isSigned='1', isAdHocSigned='0', signingCertificate='<DVTSigningCertificate: 0x60001ce164c0; name='Apple Development: Zixian DU (D97A8PDRPC)', hash='9B4E1FAF7446020C14FF6EA1C0323A6B82E66E39', serialNumber='3AEE2C00D2CDA5C2D68C28BE67F4A66B', certificateKinds='(
    "1.2.840.113635.100.6.1.12",
    "1.2.840.113635.100.6.1.2"
), issueDate='2025-01-07 06:37:53 +0000''>', entitlements='{
    "application-identifier" = "KAN3S4GU5U.com.maxdu.CodeTestIOS";
    "com.apple.developer.team-identifier" = KAN3S4GU5U;
    "get-task-allow" = 1;
}', teamID='KAN3S4GU5U', identifier='com.maxdu.CodeTestIOS', executablePath='<DVTFilePath:0x600025eeb660:'/Users/wnpd_ma004/Library/Developer/Xcode/Archives/2025-12-11/CodeTestIOS 11-12-2025, 17.35.xcarchive/Products/Applications/CodeTestIOS.app/CodeTestIOS'>', hardenedRuntime='0'>'> are: {
    "application-identifier" = "KAN3S4GU5U.com.maxdu.CodeTestIOS";
    "com.apple.developer.team-identifier" = KAN3S4GU5U;
    "get-task-allow" = 1;
}
2025-12-11 09:36:52 +0000  Writing entitlements for <IDEDistributionItem: 0x600025ea0f60; bundleID='com.maxdu.CodeTestIOS', path='<DVTFilePath:0x600025eeae20:'/Users/wnpd_ma004/Library/Developer/Xcode/Archives/2025-12-11/CodeTestIOS 11-12-2025, 17.35.xcarchive/Products/Applications/CodeTestIOS.app'>', codeSigningInfo='<_DVTCodeSigningInformation_Path: 0x600025d95270; isSigned='1', isAdHocSigned='0', signingCertificate='<DVTSigningCertificate: 0x60001ce14fc0; name='Apple Development: Zixian DU (D97A8PDRPC)', hash='9B4E1FAF7446020C14FF6EA1C0323A6B82E66E39', serialNumber='3AEE2C00D2CDA5C2D68C28BE67F4A66B', certificateKinds='(
    "1.2.840.113635.100.6.1.12",
    "1.2.840.113635.100.6.1.2"
), issueDate='2025-01-07 06:37:53 +0000''>', entitlements='{
    "application-identifier" = "KAN3S4GU5U.com.maxdu.CodeTestIOS";
    "com.apple.developer.team-identifier" = KAN3S4GU5U;
    "get-task-allow" = 1;
}', teamID='KAN3S4GU5U', identifier='com.maxdu.CodeTestIOS', executablePath='<DVTFilePath:0x600025eeb660:'/Users/wnpd_ma004/Library/Developer/Xcode/Archives/2025-12-11/CodeTestIOS 11-12-2025, 17.35.xcarchive/Products/Applications/CodeTestIOS.app/CodeTestIOS'>', hardenedRuntime='0'>'> to: /var/folders/yn/s24n_y5n0491hk96n2sjbkph0000gn/T/XcodeDistPipeline.~~~aX07ty/entitlements~~~WAAtRx
2025-12-11 09:36:52 +0000  invoking codesign: <NSConcreteTask: 0x600025dca2b0; launchPath='/usr/bin/codesign', arguments='(
    "-f",
    "-s",
    9B4E1FAF7446020C14FF6EA1C0323A6B82E66E39,
    "--entitlements",
    "/var/folders/yn/s24n_y5n0491hk96n2sjbkph0000gn/T/XcodeDistPipeline.~~~aX07ty/entitlements~~~WAAtRx",
    "--preserve-metadata=identifier,flags,runtime",
    "--generate-entitlement-der",
    "--strip-disallowed-xattrs",
    "-vvv",
    "/var/folders/yn/s24n_y5n0491hk96n2sjbkph0000gn/T/XcodeDistPipeline.~~~aX07ty/Root/Payload/CodeTestIOS.app"
)'>
2025-12-11 09:36:52 +0000  codesign output: /var/folders/yn/s24n_y5n0491hk96n2sjbkph0000gn/T/XcodeDistPipeline.~~~aX07ty/Root/Payload/CodeTestIOS.app: replacing existing signature
/var/folders/yn/s24n_y5n0491hk96n2sjbkph0000gn/T/XcodeDistPipeline.~~~aX07ty/Root/Payload/CodeTestIOS.app: signed app bundle with Mach-O thin (arm64) [com.maxdu.CodeTestIOS]
2025-12-11 09:36:52 +0000  Processing step: IDEDistributionZipODRItemStep
2025-12-11 09:36:52 +0000  Skipping step: IDEDistributionZipODRItemStep because it said so
2025-12-11 09:36:52 +0000  Processing step: IDEDistributionCreateIPAStep
2025-12-11 09:36:52 +0000  Running /usr/bin/ditto '-V' '-c' '-k' '--norsrc' '/var/folders/yn/s24n_y5n0491hk96n2sjbkph0000gn/T/XcodeDistPipeline.~~~aX07ty/Root' '/var/folders/yn/s24n_y5n0491hk96n2sjbkph0000gn/T/XcodeDistPipeline.~~~aX07ty/Packages/CodeTestIOS.ipa'
2025-12-11 09:36:52 +0000  >>> Copying /var/folders/yn/s24n_y5n0491hk96n2sjbkph0000gn/T/XcodeDistPipeline.~~~aX07ty/Root 
2025-12-11 09:36:52 +0000  copying file ./Payload/CodeTestIOS.app/_CodeSignature/CodeResources ... 
2025-12-11 09:36:52 +0000  4133 bytes for ./Payload/CodeTestIOS.app/_CodeSignature/CodeResources
2025-12-11 09:36:52 +0000  copying file ./Payload/CodeTestIOS.app/CustomHeaderView.nib ... 
2025-12-11 09:36:52 +0000  3797 bytes for ./Payload/CodeTestIOS.app/CustomHeaderView.nib
2025-12-11 09:36:52 +0000  copying file ./Payload/CodeTestIOS.app/Base.lproj/Main.storyboardc/UINavigationController-8dJ-dS-i2b.nib ... 
2025-12-11 09:36:52 +0000  1892 bytes for ./Payload/CodeTestIOS.app/Base.lproj/Main.storyboardc/UINavigationController-8dJ-dS-i2b.nib
copying file ./Payload/CodeTestIOS.app/Base.lproj/Main.storyboardc/BYZ-38-t0r-view-8bC-Xf-vdC.nib ... 
2025-12-11 09:36:52 +0000  9178 bytes for ./Payload/CodeTestIOS.app/Base.lproj/Main.storyboardc/BYZ-38-t0r-view-8bC-Xf-vdC.nib
2025-12-11 09:36:52 +0000  copying file ./Payload/CodeTestIOS.app/Base.lproj/Main.storyboardc/Info.plist ... 
276 bytes for ./Payload/CodeTestIOS.app/Base.lproj/Main.storyboardc/Info.plist
2025-12-11 09:36:52 +0000  copying file ./Payload/CodeTestIOS.app/Base.lproj/LaunchScreen.storyboardc/01J-lp-oVM-view-Ze5-6b-2t3.nib ... 
2025-12-11 09:36:52 +0000  1225 bytes for ./Payload/CodeTestIOS.app/Base.lproj/LaunchScreen.storyboardc/01J-lp-oVM-view-Ze5-6b-2t3.nib
copying file ./Payload/CodeTestIOS.app/Base.lproj/LaunchScreen.storyboardc/UIViewController-01J-lp-oVM.nib ... 
2025-12-11 09:36:52 +0000  924 bytes for ./Payload/CodeTestIOS.app/Base.lproj/LaunchScreen.storyboardc/UIViewController-01J-lp-oVM.nib
copying file ./Payload/CodeTestIOS.app/Base.lproj/LaunchScreen.storyboardc/Info.plist ... 
2025-12-11 09:36:52 +0000  258 bytes for ./Payload/CodeTestIOS.app/Base.lproj/LaunchScreen.storyboardc/Info.plist
2025-12-11 09:36:52 +0000  copying file ./Payload/CodeTestIOS.app/embedded.mobileprovision ... 
2025-12-11 09:36:52 +0000  16511 bytes for ./Payload/CodeTestIOS.app/embedded.mobileprovision
copying file ./Payload/CodeTestIOS.app/CodeTestIOS ... 
2025-12-11 09:36:52 +0000  155328 bytes for ./Payload/CodeTestIOS.app/CodeTestIOS
copying file ./Payload/CodeTestIOS.app/Info.plist ... 
2025-12-11 09:36:52 +0000  1486 bytes for ./Payload/CodeTestIOS.app/Info.plist
copying file ./Payload/CodeTestIOS.app/PkgInfo ... 
2025-12-11 09:36:52 +0000  8 bytes for ./Payload/CodeTestIOS.app/PkgInfo
2025-12-11 09:36:52 +0000  /usr/bin/ditto exited with 0
2025-12-11 09:36:52 +0000  Processing step: IDEDistributionAppStoreInformationStep
2025-12-11 09:36:52 +0000  Skipping step: IDEDistributionAppStoreInformationStep because it said so
2025-12-11 09:36:52 +0000  Processing step: IDEDistributionGenerateProcessedDistributionItems
2025-12-11 09:36:52 +0000  IDEDistributionItem init <DVTFilePath:0x600025170480:'/var/folders/yn/s24n_y5n0491hk96n2sjbkph0000gn/T/XcodeDistPipeline.~~~aX07ty/Root/Payload/CodeTestIOS.app'>
2025-12-11 09:36:52 +0000  Processing step: IDEDistributionCreateManifestStep
